TN:
SF:src\components\Card\Card.jsx
FN:6,Card
FN:7,(anonymous_1)
FNF:2
FNH:1
FNDA:1,Card
FNDA:0,(anonymous_1)
DA:7,1
DA:8,0
DA:16,1
LF:3
LH:2
BRDA:6,0,0,1
BRF:1
BRH:1
end_of_record
TN:
SF:src\components\Card\index.js
FNF:0
FNH:0
LF:0
LH:0
BRF:0
BRH:0
end_of_record
TN:
SF:src\components\Data\Data.jsx
FN:3,Data
FNF:1
FNH:0
FNDA:0,Data
DA:4,0
DA:5,0
DA:7,0
DA:8,0
DA:9,0
LF:5
LH:0
BRDA:4,0,0,0
BRDA:4,0,1,0
BRDA:4,1,0,0
BRDA:4,1,1,0
BRDA:4,1,2,0
BRF:5
BRH:0
end_of_record
TN:
SF:src\components\Data\index.js
FNF:0
FNH:0
LF:0
LH:0
BRF:0
BRH:0
end_of_record
TN:
SF:src\components\ReadAll\ReadAll.jsx
FN:5,ReadAll
FN:8,(anonymous_1)
FN:9,(anonymous_2)
FN:10,(anonymous_3)
FN:12,(anonymous_4)
FN:17,(anonymous_5)
FN:19,(anonymous_6)
FN:22,(anonymous_7)
FN:26,(anonymous_8)
FNF:9
FNH:0
FNDA:0,ReadAll
FNDA:0,(anonymous_1)
FNDA:0,(anonymous_2)
FNDA:0,(anonymous_3)
FNDA:0,(anonymous_4)
FNDA:0,(anonymous_5)
FNDA:0,(anonymous_6)
FNDA:0,(anonymous_7)
FNDA:0,(anonymous_8)
DA:6,0
DA:8,0
DA:9,0
DA:10,0
DA:12,0
DA:13,0
DA:17,0
DA:18,0
DA:20,0
DA:23,0
DA:24,0
DA:27,0
DA:31,0
LF:13
LH:0
BRF:0
BRH:0
end_of_record
TN:
SF:src\components\ReadAll\index.js
FNF:0
FNH:0
LF:0
LH:0
BRF:0
BRH:0
end_of_record
